[2024-05-20T05:58:48.333+0000] {taskinstance.py:1979} INFO - Dependencies all met for dep_context=non-requeueable deps ti=<TaskInstance: ETL_Flow.create_partitions scheduled__2024-05-18T21:11:00+00:00 [queued]>
[2024-05-20T05:58:48.349+0000] {taskinstance.py:1979} INFO - Dependencies all met for dep_context=requeueable deps ti=<TaskInstance: ETL_Flow.create_partitions scheduled__2024-05-18T21:11:00+00:00 [queued]>
[2024-05-20T05:58:48.350+0000] {taskinstance.py:2193} INFO - Starting attempt 1 of 6
[2024-05-20T05:58:48.375+0000] {taskinstance.py:2214} INFO - Executing <Task(PostgresOperator): create_partitions> on 2024-05-18 21:11:00+00:00
[2024-05-20T05:58:48.383+0000] {standard_task_runner.py:60} INFO - Started process 17315 to run task
[2024-05-20T05:58:48.389+0000] {standard_task_runner.py:87} INFO - Running: ['***', 'tasks', 'run', 'ETL_Flow', 'create_partitions', 'scheduled__2024-05-18T21:11:00+00:00', '--job-id', '3519', '--raw', '--subdir', 'DAGS_FOLDER/ETL.py', '--cfg-path', '/tmp/tmp8ju412vx']
[2024-05-20T05:58:48.394+0000] {standard_task_runner.py:88} INFO - Job 3519: Subtask create_partitions
[2024-05-20T05:58:48.472+0000] {task_command.py:423} INFO - Running <TaskInstance: ETL_Flow.create_partitions scheduled__2024-05-18T21:11:00+00:00 [running]> on host 518f7ecc027f
[2024-05-20T05:58:49.312+0000] {taskinstance.py:2510} INFO - Exporting env vars: AIRFLOW_CTX_DAG_OWNER='coder2j' AIRFLOW_CTX_DAG_ID='ETL_Flow' AIRFLOW_CTX_TASK_ID='create_partitions' AIRFLOW_CTX_EXECUTION_DATE='2024-05-18T21:11:00+00:00' AIRFLOW_CTX_TRY_NUMBER='1' AIRFLOW_CTX_DAG_RUN_ID='scheduled__2024-05-18T21:11:00+00:00'
[2024-05-20T05:58:49.321+0000] {sql.py:276} INFO - Executing: --product_in_order partitions
-- Create the default partition
CREATE TABLE IF NOT EXISTS products_in_orders_default PARTITION OF DWH_Fact_Product_In_Order
    DEFAULT;

-- Create the future partition to cover all future values
CREATE TABLE IF NOT EXISTS products_in_orders_future PARTITION OF DWH_Fact_Product_In_Order
    FOR VALUES FROM (DATE_TRUNC('year', CURRENT_DATE) + INTERVAL '1 year') TO (MAXVALUE);


-- Create a function to generate partition names
CREATE OR REPLACE FUNCTION generate_partition_name(date) RETURNS TEXT AS $$
BEGIN
    RETURN 'products_in_orders_' || to_char($1, 'YYYY_q');
END;
$$ LANGUAGE plpgsql;

-- Create a function to create products in orders partitions automatically
CREATE OR REPLACE FUNCTION create_products_in_orders_partitions() RETURNS VOID AS $$
DECLARE
    start_date DATE := DATE_TRUNC('year', CURRENT_DATE);
    end_date DATE := DATE_TRUNC('year', CURRENT_DATE) + INTERVAL '1 year';
    quarter_start DATE;
    quarter_end DATE;
BEGIN
    WHILE start_date < end_date LOOP
        quarter_start := start_date;
        quarter_end := start_date + INTERVAL '3 months';

        EXECUTE format('
            CREATE TABLE IF NOT EXISTS %I PARTITION OF DWH_Fact_Product_In_Order
            FOR VALUES FROM (%L) TO (%L);
        ', generate_partition_name(quarter_start), quarter_start, quarter_end);

        start_date := quarter_end;
    END LOOP;
END;
$$ LANGUAGE plpgsql;

-- Call the function to create products in orders partitions
SELECT create_products_in_orders_partitions();


--events partitions
-- Create the default partition
CREATE TABLE IF NOT EXISTS events_default PARTITION OF DWH_Fact_Events
    DEFAULT;

-- Create the future partition to cover all future values
CREATE TABLE IF NOT EXISTS events_future PARTITION OF DWH_Fact_Events
    FOR VALUES FROM (DATE_TRUNC('year', CURRENT_DATE) + INTERVAL '1 year') TO (MAXVALUE);


-- Create a function to generate partition names
CREATE OR REPLACE FUNCTION generate_partition_name(date) RETURNS TEXT AS $$
BEGIN
    RETURN 'events_' || to_char($1, 'YYYY_q');
END;
$$ LANGUAGE plpgsql;

-- Create a function to create events partitions automatically
CREATE OR REPLACE FUNCTION create_events_partitions() RETURNS VOID AS $$
DECLARE
    start_date DATE := DATE_TRUNC('year', CURRENT_DATE);
    end_date DATE := DATE_TRUNC('year', CURRENT_DATE) + INTERVAL '1 year';
    quarter_start DATE;
    quarter_end DATE;
BEGIN
    WHILE start_date < end_date LOOP
        quarter_start := start_date;
        quarter_end := start_date + INTERVAL '3 months';

        EXECUTE format('
            CREATE TABLE IF NOT EXISTS %I PARTITION OF DWH_Fact_Events
            FOR VALUES FROM (%L) TO (%L);
        ', generate_partition_name(quarter_start), quarter_start, quarter_end);

        start_date := quarter_end;
    END LOOP;
END;
$$ LANGUAGE plpgsql;

-- Call the function to create quarterly partitions
SELECT create_events_partitions();
[2024-05-20T05:58:49.374+0000] {base.py:83} INFO - Using connection ID 'postgres_localhost' for task execution.
[2024-05-20T05:58:49.397+0000] {base.py:83} INFO - Using connection ID 'postgres_localhost' for task execution.
[2024-05-20T05:58:49.801+0000] {sql.py:457} INFO - Running statement: --product_in_order partitions
-- Create the default partition
CREATE TABLE IF NOT EXISTS products_in_orders_default PARTITION OF DWH_Fact_Product_In_Order
    DEFAULT;

-- Create the future partition to cover all future values
CREATE TABLE IF NOT EXISTS products_in_orders_future PARTITION OF DWH_Fact_Product_In_Order
    FOR VALUES FROM (DATE_TRUNC('year', CURRENT_DATE) + INTERVAL '1 year') TO (MAXVALUE);


-- Create a function to generate partition names
CREATE OR REPLACE FUNCTION generate_partition_name(date) RETURNS TEXT AS $$
BEGIN
    RETURN 'products_in_orders_' || to_char($1, 'YYYY_q');
END;
$$ LANGUAGE plpgsql;

-- Create a function to create products in orders partitions automatically
CREATE OR REPLACE FUNCTION create_products_in_orders_partitions() RETURNS VOID AS $$
DECLARE
    start_date DATE := DATE_TRUNC('year', CURRENT_DATE);
    end_date DATE := DATE_TRUNC('year', CURRENT_DATE) + INTERVAL '1 year';
    quarter_start DATE;
    quarter_end DATE;
BEGIN
    WHILE start_date < end_date LOOP
        quarter_start := start_date;
        quarter_end := start_date + INTERVAL '3 months';

        EXECUTE format('
            CREATE TABLE IF NOT EXISTS %I PARTITION OF DWH_Fact_Product_In_Order
            FOR VALUES FROM (%L) TO (%L);
        ', generate_partition_name(quarter_start), quarter_start, quarter_end);

        start_date := quarter_end;
    END LOOP;
END;
$$ LANGUAGE plpgsql;

-- Call the function to create products in orders partitions
SELECT create_products_in_orders_partitions();


--events partitions
-- Create the default partition
CREATE TABLE IF NOT EXISTS events_default PARTITION OF DWH_Fact_Events
    DEFAULT;

-- Create the future partition to cover all future values
CREATE TABLE IF NOT EXISTS events_future PARTITION OF DWH_Fact_Events
    FOR VALUES FROM (DATE_TRUNC('year', CURRENT_DATE) + INTERVAL '1 year') TO (MAXVALUE);


-- Create a function to generate partition names
CREATE OR REPLACE FUNCTION generate_partition_name(date) RETURNS TEXT AS $$
BEGIN
    RETURN 'events_' || to_char($1, 'YYYY_q');
END;
$$ LANGUAGE plpgsql;

-- Create a function to create events partitions automatically
CREATE OR REPLACE FUNCTION create_events_partitions() RETURNS VOID AS $$
DECLARE
    start_date DATE := DATE_TRUNC('year', CURRENT_DATE);
    end_date DATE := DATE_TRUNC('year', CURRENT_DATE) + INTERVAL '1 year';
    quarter_start DATE;
    quarter_end DATE;
BEGIN
    WHILE start_date < end_date LOOP
        quarter_start := start_date;
        quarter_end := start_date + INTERVAL '3 months';

        EXECUTE format('
            CREATE TABLE IF NOT EXISTS %I PARTITION OF DWH_Fact_Events
            FOR VALUES FROM (%L) TO (%L);
        ', generate_partition_name(quarter_start), quarter_start, quarter_end);

        start_date := quarter_end;
    END LOOP;
END;
$$ LANGUAGE plpgsql;

-- Call the function to create quarterly partitions
SELECT create_events_partitions();, parameters: None
[2024-05-20T05:58:49.912+0000] {sql.py:466} INFO - Rows affected: 1
[2024-05-20T05:58:49.930+0000] {warnings.py:109} WARNING - /home/***/.local/lib/python3.8/site-packages/***/providers/common/sql/hooks/sql.py:407: AirflowProviderDeprecationWarning: Call to deprecated method _make_common_data_structure. (The `_make_serializable` method is deprecated and support will be removed in a future version of the common.sql provider. Please update the DbApiHook's provider to a version based on common.sql >= 1.9.1.)
  result = self._make_common_data_structure(handler(cur))

[2024-05-20T05:59:03.466+0000] {job.py:213} ERROR - Job heartbeat got an exception
Traceback (most recent call last):
  File "/home/airflow/.local/lib/python3.8/site-packages/sqlalchemy/engine/base.py", line 3371, in _wrap_pool_connect
    return fn()
  File "/home/airflow/.local/lib/python3.8/site-packages/sqlalchemy/pool/base.py", line 327, in connect
    return _ConnectionFairy._checkout(self)
  File "/home/airflow/.local/lib/python3.8/site-packages/sqlalchemy/pool/base.py", line 894, in _checkout
    fairy = _ConnectionRecord.checkout(pool)
  File "/home/airflow/.local/lib/python3.8/site-packages/sqlalchemy/pool/base.py", line 493, in checkout
    rec = pool._do_get()
  File "/home/airflow/.local/lib/python3.8/site-packages/sqlalchemy/pool/impl.py", line 256, in _do_get
    return self._create_connection()
  File "/home/airflow/.local/lib/python3.8/site-packages/sqlalchemy/pool/base.py", line 273, in _create_connection
    return _ConnectionRecord(self)
  File "/home/airflow/.local/lib/python3.8/site-packages/sqlalchemy/pool/base.py", line 388, in __init__
    self.__connect()
  File "/home/airflow/.local/lib/python3.8/site-packages/sqlalchemy/pool/base.py", line 691, in __connect
    pool.logger.debug("Error on connect(): %s", e)
  File "/home/airflow/.local/lib/python3.8/site-packages/sqlalchemy/util/langhelpers.py", line 70, in __exit__
    compat.raise_(
  File "/home/airflow/.local/lib/python3.8/site-packages/sqlalchemy/util/compat.py", line 211, in raise_
    raise exception
  File "/home/airflow/.local/lib/python3.8/site-packages/sqlalchemy/pool/base.py", line 686, in __connect
    self.dbapi_connection = connection = pool._invoke_creator(self)
  File "/home/airflow/.local/lib/python3.8/site-packages/sqlalchemy/engine/create.py", line 574, in connect
    return dialect.connect(*cargs, **cparams)
  File "/home/airflow/.local/lib/python3.8/site-packages/sqlalchemy/engine/default.py", line 598, in connect
    return self.dbapi.connect(*cargs, **cparams)
  File "/home/airflow/.local/lib/python3.8/site-packages/psycopg2/__init__.py", line 122, in connect
    conn = _connect(dsn, connection_factory=connection_factory, **kwasync)
psycopg2.OperationalError: could not translate host name "postgres" to address: Temporary failure in name resolution


The above exception was the direct cause of the following exception:

Traceback (most recent call last):
  File "/home/airflow/.local/lib/python3.8/site-packages/airflow/jobs/job.py", line 187, in heartbeat
    self._merge_from(Job._fetch_from_db(self, session))
  File "/home/airflow/.local/lib/python3.8/site-packages/airflow/api_internal/internal_api_call.py", line 114, in wrapper
    return func(*args, **kwargs)
  File "/home/airflow/.local/lib/python3.8/site-packages/airflow/utils/session.py", line 76, in wrapper
    return func(*args, **kwargs)
  File "/home/airflow/.local/lib/python3.8/site-packages/airflow/jobs/job.py", line 308, in _fetch_from_db
    session.merge(job)
  File "/home/airflow/.local/lib/python3.8/site-packages/sqlalchemy/orm/session.py", line 3056, in merge
    return self._merge(
  File "/home/airflow/.local/lib/python3.8/site-packages/sqlalchemy/orm/session.py", line 3136, in _merge
    merged = self.get(
  File "/home/airflow/.local/lib/python3.8/site-packages/sqlalchemy/orm/session.py", line 2853, in get
    return self._get_impl(
  File "/home/airflow/.local/lib/python3.8/site-packages/sqlalchemy/orm/session.py", line 2975, in _get_impl
    return db_load_fn(
  File "/home/airflow/.local/lib/python3.8/site-packages/sqlalchemy/orm/loading.py", line 530, in load_on_pk_identity
    session.execute(
  File "/home/airflow/.local/lib/python3.8/site-packages/sqlalchemy/orm/session.py", line 1716, in execute
    conn = self._connection_for_bind(bind)
  File "/home/airflow/.local/lib/python3.8/site-packages/sqlalchemy/orm/session.py", line 1555, in _connection_for_bind
    return self._transaction._connection_for_bind(
  File "/home/airflow/.local/lib/python3.8/site-packages/sqlalchemy/orm/session.py", line 750, in _connection_for_bind
    conn = bind.connect()
  File "/home/airflow/.local/lib/python3.8/site-packages/sqlalchemy/future/engine.py", line 412, in connect
    return super(Engine, self).connect()
  File "/home/airflow/.local/lib/python3.8/site-packages/sqlalchemy/engine/base.py", line 3325, in connect
    return self._connection_cls(self, close_with_result=close_with_result)
  File "/home/airflow/.local/lib/python3.8/site-packages/sqlalchemy/engine/base.py", line 96, in __init__
    else engine.raw_connection()
  File "/home/airflow/.local/lib/python3.8/site-packages/sqlalchemy/engine/base.py", line 3404, in raw_connection
    return self._wrap_pool_connect(self.pool.connect, _connection)
  File "/home/airflow/.local/lib/python3.8/site-packages/sqlalchemy/engine/base.py", line 3374, in _wrap_pool_connect
    Connection._handle_dbapi_exception_noconnection(
  File "/home/airflow/.local/lib/python3.8/site-packages/sqlalchemy/engine/base.py", line 2208, in _handle_dbapi_exception_noconnection
    util.raise_(
  File "/home/airflow/.local/lib/python3.8/site-packages/sqlalchemy/util/compat.py", line 211, in raise_
    raise exception
  File "/home/airflow/.local/lib/python3.8/site-packages/sqlalchemy/engine/base.py", line 3371, in _wrap_pool_connect
    return fn()
  File "/home/airflow/.local/lib/python3.8/site-packages/sqlalchemy/pool/base.py", line 327, in connect
    return _ConnectionFairy._checkout(self)
  File "/home/airflow/.local/lib/python3.8/site-packages/sqlalchemy/pool/base.py", line 894, in _checkout
    fairy = _ConnectionRecord.checkout(pool)
  File "/home/airflow/.local/lib/python3.8/site-packages/sqlalchemy/pool/base.py", line 493, in checkout
    rec = pool._do_get()
  File "/home/airflow/.local/lib/python3.8/site-packages/sqlalchemy/pool/impl.py", line 256, in _do_get
    return self._create_connection()
  File "/home/airflow/.local/lib/python3.8/site-packages/sqlalchemy/pool/base.py", line 273, in _create_connection
    return _ConnectionRecord(self)
  File "/home/airflow/.local/lib/python3.8/site-packages/sqlalchemy/pool/base.py", line 388, in __init__
    self.__connect()
  File "/home/airflow/.local/lib/python3.8/site-packages/sqlalchemy/pool/base.py", line 691, in __connect
    pool.logger.debug("Error on connect(): %s", e)
  File "/home/airflow/.local/lib/python3.8/site-packages/sqlalchemy/util/langhelpers.py", line 70, in __exit__
    compat.raise_(
  File "/home/airflow/.local/lib/python3.8/site-packages/sqlalchemy/util/compat.py", line 211, in raise_
    raise exception
  File "/home/airflow/.local/lib/python3.8/site-packages/sqlalchemy/pool/base.py", line 686, in __connect
    self.dbapi_connection = connection = pool._invoke_creator(self)
  File "/home/airflow/.local/lib/python3.8/site-packages/sqlalchemy/engine/create.py", line 574, in connect
    return dialect.connect(*cargs, **cparams)
  File "/home/airflow/.local/lib/python3.8/site-packages/sqlalchemy/engine/default.py", line 598, in connect
    return self.dbapi.connect(*cargs, **cparams)
  File "/home/airflow/.local/lib/python3.8/site-packages/psycopg2/__init__.py", line 122, in connect
    conn = _connect(dsn, connection_factory=connection_factory, **kwasync)
sqlalchemy.exc.OperationalError: (psycopg2.OperationalError) could not translate host name "postgres" to address: Temporary failure in name resolution

(Background on this error at: https://sqlalche.me/e/14/e3q8)
[2024-05-20T05:59:03.563+0000] {job.py:221} ERROR - Job heartbeat failed with error. Scheduler is in unhealthy state
[2024-05-20T05:59:18.642+0000] {job.py:221} ERROR - Job heartbeat failed with error. Scheduler is in unhealthy state
[2024-05-20T05:59:22.010+0000] {taskinstance.py:2728} ERROR - Task failed with exception
Traceback (most recent call last):
  File "/home/airflow/.local/lib/python3.8/site-packages/sqlalchemy/engine/base.py", line 3371, in _wrap_pool_connect
    return fn()
  File "/home/airflow/.local/lib/python3.8/site-packages/sqlalchemy/pool/base.py", line 327, in connect
    return _ConnectionFairy._checkout(self)
  File "/home/airflow/.local/lib/python3.8/site-packages/sqlalchemy/pool/base.py", line 894, in _checkout
    fairy = _ConnectionRecord.checkout(pool)
  File "/home/airflow/.local/lib/python3.8/site-packages/sqlalchemy/pool/base.py", line 493, in checkout
    rec = pool._do_get()
  File "/home/airflow/.local/lib/python3.8/site-packages/sqlalchemy/pool/impl.py", line 256, in _do_get
    return self._create_connection()
  File "/home/airflow/.local/lib/python3.8/site-packages/sqlalchemy/pool/base.py", line 273, in _create_connection
    return _ConnectionRecord(self)
  File "/home/airflow/.local/lib/python3.8/site-packages/sqlalchemy/pool/base.py", line 388, in __init__
    self.__connect()
  File "/home/airflow/.local/lib/python3.8/site-packages/sqlalchemy/pool/base.py", line 691, in __connect
    pool.logger.debug("Error on connect(): %s", e)
  File "/home/airflow/.local/lib/python3.8/site-packages/sqlalchemy/util/langhelpers.py", line 70, in __exit__
    compat.raise_(
  File "/home/airflow/.local/lib/python3.8/site-packages/sqlalchemy/util/compat.py", line 211, in raise_
    raise exception
  File "/home/airflow/.local/lib/python3.8/site-packages/sqlalchemy/pool/base.py", line 686, in __connect
    self.dbapi_connection = connection = pool._invoke_creator(self)
  File "/home/airflow/.local/lib/python3.8/site-packages/sqlalchemy/engine/create.py", line 574, in connect
    return dialect.connect(*cargs, **cparams)
  File "/home/airflow/.local/lib/python3.8/site-packages/sqlalchemy/engine/default.py", line 598, in connect
    return self.dbapi.connect(*cargs, **cparams)
  File "/home/airflow/.local/lib/python3.8/site-packages/psycopg2/__init__.py", line 122, in connect
    conn = _connect(dsn, connection_factory=connection_factory, **kwasync)
psycopg2.OperationalError: could not translate host name "postgres" to address: Temporary failure in name resolution


The above exception was the direct cause of the following exception:

Traceback (most recent call last):
  File "/home/airflow/.local/lib/python3.8/site-packages/airflow/models/taskinstance.py", line 2359, in _run_raw_task
    self.refresh_from_db(lock_for_update=True, session=session)
  File "/home/airflow/.local/lib/python3.8/site-packages/airflow/utils/session.py", line 76, in wrapper
    return func(*args, **kwargs)
  File "/home/airflow/.local/lib/python3.8/site-packages/airflow/models/taskinstance.py", line 1748, in refresh_from_db
    _refresh_from_db(task_instance=self, session=session, lock_for_update=lock_for_update)
  File "/home/airflow/.local/lib/python3.8/site-packages/airflow/models/taskinstance.py", line 475, in _refresh_from_db
    ti = TaskInstance.get_task_instance(
  File "/home/airflow/.local/lib/python3.8/site-packages/airflow/api_internal/internal_api_call.py", line 114, in wrapper
    return func(*args, **kwargs)
  File "/home/airflow/.local/lib/python3.8/site-packages/airflow/utils/session.py", line 76, in wrapper
    return func(*args, **kwargs)
  File "/home/airflow/.local/lib/python3.8/site-packages/airflow/models/taskinstance.py", line 1730, in get_task_instance
    for attempt in run_with_db_retries(logger=cls.logger()):
  File "/home/airflow/.local/lib/python3.8/site-packages/tenacity/__init__.py", line 347, in __iter__
    do = self.iter(retry_state=retry_state)
  File "/home/airflow/.local/lib/python3.8/site-packages/tenacity/__init__.py", line 325, in iter
    raise retry_exc.reraise()
  File "/home/airflow/.local/lib/python3.8/site-packages/tenacity/__init__.py", line 158, in reraise
    raise self.last_attempt.result()
  File "/usr/local/lib/python3.8/concurrent/futures/_base.py", line 437, in result
    return self.__get_result()
  File "/usr/local/lib/python3.8/concurrent/futures/_base.py", line 389, in __get_result
    raise self._exception
  File "/home/airflow/.local/lib/python3.8/site-packages/airflow/models/taskinstance.py", line 1732, in get_task_instance
    return query.with_for_update().one_or_none()
  File "/home/airflow/.local/lib/python3.8/site-packages/sqlalchemy/orm/query.py", line 2850, in one_or_none
    return self._iter().one_or_none()
  File "/home/airflow/.local/lib/python3.8/site-packages/sqlalchemy/orm/query.py", line 2916, in _iter
    result = self.session.execute(
  File "/home/airflow/.local/lib/python3.8/site-packages/sqlalchemy/orm/session.py", line 1716, in execute
    conn = self._connection_for_bind(bind)
  File "/home/airflow/.local/lib/python3.8/site-packages/sqlalchemy/orm/session.py", line 1555, in _connection_for_bind
    return self._transaction._connection_for_bind(
  File "/home/airflow/.local/lib/python3.8/site-packages/sqlalchemy/orm/session.py", line 750, in _connection_for_bind
    conn = bind.connect()
  File "/home/airflow/.local/lib/python3.8/site-packages/sqlalchemy/future/engine.py", line 412, in connect
    return super(Engine, self).connect()
  File "/home/airflow/.local/lib/python3.8/site-packages/sqlalchemy/engine/base.py", line 3325, in connect
    return self._connection_cls(self, close_with_result=close_with_result)
  File "/home/airflow/.local/lib/python3.8/site-packages/sqlalchemy/engine/base.py", line 96, in __init__
    else engine.raw_connection()
  File "/home/airflow/.local/lib/python3.8/site-packages/sqlalchemy/engine/base.py", line 3404, in raw_connection
    return self._wrap_pool_connect(self.pool.connect, _connection)
  File "/home/airflow/.local/lib/python3.8/site-packages/sqlalchemy/engine/base.py", line 3374, in _wrap_pool_connect
    Connection._handle_dbapi_exception_noconnection(
  File "/home/airflow/.local/lib/python3.8/site-packages/sqlalchemy/engine/base.py", line 2208, in _handle_dbapi_exception_noconnection
    util.raise_(
  File "/home/airflow/.local/lib/python3.8/site-packages/sqlalchemy/util/compat.py", line 211, in raise_
    raise exception
  File "/home/airflow/.local/lib/python3.8/site-packages/sqlalchemy/engine/base.py", line 3371, in _wrap_pool_connect
    return fn()
  File "/home/airflow/.local/lib/python3.8/site-packages/sqlalchemy/pool/base.py", line 327, in connect
    return _ConnectionFairy._checkout(self)
  File "/home/airflow/.local/lib/python3.8/site-packages/sqlalchemy/pool/base.py", line 894, in _checkout
    fairy = _ConnectionRecord.checkout(pool)
  File "/home/airflow/.local/lib/python3.8/site-packages/sqlalchemy/pool/base.py", line 493, in checkout
    rec = pool._do_get()
  File "/home/airflow/.local/lib/python3.8/site-packages/sqlalchemy/pool/impl.py", line 256, in _do_get
    return self._create_connection()
  File "/home/airflow/.local/lib/python3.8/site-packages/sqlalchemy/pool/base.py", line 273, in _create_connection
    return _ConnectionRecord(self)
  File "/home/airflow/.local/lib/python3.8/site-packages/sqlalchemy/pool/base.py", line 388, in __init__
    self.__connect()
  File "/home/airflow/.local/lib/python3.8/site-packages/sqlalchemy/pool/base.py", line 691, in __connect
    pool.logger.debug("Error on connect(): %s", e)
  File "/home/airflow/.local/lib/python3.8/site-packages/sqlalchemy/util/langhelpers.py", line 70, in __exit__
    compat.raise_(
  File "/home/airflow/.local/lib/python3.8/site-packages/sqlalchemy/util/compat.py", line 211, in raise_
    raise exception
  File "/home/airflow/.local/lib/python3.8/site-packages/sqlalchemy/pool/base.py", line 686, in __connect
    self.dbapi_connection = connection = pool._invoke_creator(self)
  File "/home/airflow/.local/lib/python3.8/site-packages/sqlalchemy/engine/create.py", line 574, in connect
    return dialect.connect(*cargs, **cparams)
  File "/home/airflow/.local/lib/python3.8/site-packages/sqlalchemy/engine/default.py", line 598, in connect
    return self.dbapi.connect(*cargs, **cparams)
  File "/home/airflow/.local/lib/python3.8/site-packages/psycopg2/__init__.py", line 122, in connect
    conn = _connect(dsn, connection_factory=connection_factory, **kwasync)
sqlalchemy.exc.OperationalError: (psycopg2.OperationalError) could not translate host name "postgres" to address: Temporary failure in name resolution

(Background on this error at: https://sqlalche.me/e/14/e3q8)
[2024-05-20T05:59:35.909+0000] {job.py:221} ERROR - Job heartbeat failed with error. Scheduler is in unhealthy state
[2024-05-20T05:59:39.057+0000] {standard_task_runner.py:107} ERROR - Failed to execute job 3519 for task create_partitions ((psycopg2.OperationalError) could not translate host name "postgres" to address: Temporary failure in name resolution

(Background on this error at: https://sqlalche.me/e/14/e3q8); 17315)
[2024-05-20T05:59:39.250+0000] {local_task_job_runner.py:234} INFO - Task exited with return code 1
[2024-05-20T05:59:41.492+0000] {warnings.py:109} WARNING - /home/***/.local/lib/python3.8/site-packages/***/models/baseoperator.py:1201: AirflowProviderDeprecationWarning: Call to deprecated class PostgresOperator. (Please use `***.providers.common.sql.operators.sql.SQLExecuteQueryOperator`.Also, you can provide `hook_params={'schema': <database>}`.)
  result = cls.__new__(cls)

[2024-05-20T05:59:41.602+0000] {taskinstance.py:3309} INFO - 0 downstream tasks scheduled from follow-on schedule check
